<?xml version="1.0" encoding="UTF-8"?>
<!-- Generated by org.testng.reporters.JUnitXMLReporter -->
<testsuite ignored="0" hostname="Prasanna" failures="3" tests="13" name="TutorialsNinja Test Cases" time="51.333" errors="0" timestamp="2024-04-20T22:11:33 IST">
  <testcase classname="com.tutorialsninja.qa.test.Register" name="verifyRegisteringAnAccountWithMandatoryFields" time="1.39"/>
  <testcase classname="com.tutorialsninja.qa.test.Register" name="verifyRegisteringAnAccountWithAllFields" time="1.23"/>
  <testcase classname="com.tutorialsninja.qa.test.Register" name="verifyRegisteringAccountWithoutFillingAnyDetails" time="0.436"/>
  <testcase classname="com.tutorialsninja.qa.test.Login" name="loginWithValidCredentials" time="10.529">
    <failure type="org.openqa.selenium.NoSuchElementException" message="no such element: Unable to locate element: {&amp;quot;method&amp;quot;:&amp;quot;link text&amp;quot;,&amp;quot;selector&amp;quot;:&amp;quot;Edit your account information&amp;quot;}
  (Session info: chrome=124.0.6367.60)
For documentation on this error, please visit: https://www.selenium.dev/documentation/webdriver/troubleshooting/errors#no-such-element-exception
Build info: version: &amp;apos;4.16.1&amp;apos;, revision: &amp;apos;9b4c83354e&amp;apos;
System info: os.name: &amp;apos;Windows 11&amp;apos;, os.arch: &amp;apos;amd64&amp;apos;, os.version: &amp;apos;10.0&amp;apos;, java.version: &amp;apos;17.0.4.1&amp;apos;
Driver info: org.openqa.selenium.chrome.ChromeDriver
Command: [1ae9863e24feda700248c42a7954c26d, findElement {using=link text, value=Edit your account information}]
Capabilities {acceptInsecureCerts: false, browserName: chrome, browserVersion: 124.0.6367.60, chrome: {chromedriverVersion: 124.0.6367.60 (8771130bd84f..., userDataDir: C:\Users\91776\AppData\Loca...}, fedcm:accounts: true, goog:chromeOptions: {debuggerAddress: localhost:50482}, networkConnectionEnabled: false, pageLoadStrategy: normal, platformName: windows, proxy: Proxy(), se:cdp: ws://localhost:50482/devtoo..., se:cdpVersion: 124.0.6367.60, setWindowRect: true, strictFileInteractability: false, timeouts: {implicit: 0, pageLoad: 300000, script: 30000}, unhandledPromptBehavior: dismiss and notify, webauthn:extension:credBlob: true, webauthn:extension:largeBlob: true, webauthn:extension:minPinLength: true, webauthn:extension:prf: true, webauthn:virtualAuthenticators: true}
Session ID: 1ae9863e24feda700248c42a7954c26d">
      <![CDATA[org.openqa.selenium.NoSuchElementException: no such element: Unable to locate element: {"method":"link text","selector":"Edit your account information"}
  (Session info: chrome=124.0.6367.60)
For documentation on this error, please visit: https://www.selenium.dev/documentation/webdriver/troubleshooting/errors#no-such-element-exception
Build info: version: '4.16.1', revision: '9b4c83354e'
System info: os.name: 'Windows 11', os.arch: 'amd64', os.version: '10.0', java.version: '17.0.4.1'
Driver info: org.openqa.selenium.chrome.ChromeDriver
Command: [1ae9863e24feda700248c42a7954c26d, findElement {using=link text, value=Edit your account information}]
Capabilities {acceptInsecureCerts: false, browserName: chrome, browserVersion: 124.0.6367.60, chrome: {chromedriverVersion: 124.0.6367.60 (8771130bd84f..., userDataDir: C:\Users\91776\AppData\Loca...}, fedcm:accounts: true, goog:chromeOptions: {debuggerAddress: localhost:50482}, networkConnectionEnabled: false, pageLoadStrategy: normal, platformName: windows, proxy: Proxy(), se:cdp: ws://localhost:50482/devtoo..., se:cdpVersion: 124.0.6367.60, setWindowRect: true, strictFileInteractability: false, timeouts: {implicit: 0, pageLoad: 300000, script: 30000}, unhandledPromptBehavior: dismiss and notify, webauthn:extension:credBlob: true, webauthn:extension:largeBlob: true, webauthn:extension:minPinLength: true, webauthn:extension:prf: true, webauthn:virtualAuthenticators: true}
Session ID: 1ae9863e24feda700248c42a7954c26d
at org.openqa.selenium.remote.codec.w3c.W3CHttpResponseCodec.createException(W3CHttpResponseCodec.java:200)
at org.openqa.selenium.remote.codec.w3c.W3CHttpResponseCodec.decode(W3CHttpResponseCodec.java:133)
at org.openqa.selenium.remote.codec.w3c.W3CHttpResponseCodec.decode(W3CHttpResponseCodec.java:52)
at org.openqa.selenium.remote.HttpCommandExecutor.execute(HttpCommandExecutor.java:191)
at org.openqa.selenium.remote.service.DriverCommandExecutor.invokeExecute(DriverCommandExecutor.java:200)
at org.openqa.selenium.remote.service.DriverCommandExecutor.execute(DriverCommandExecutor.java:175)
at org.openqa.selenium.remote.RemoteWebDriver.execute(RemoteWebDriver.java:523)
at org.openqa.selenium.remote.ElementLocation$ElementFinder$2.findElement(ElementLocation.java:165)
at org.openqa.selenium.remote.ElementLocation.findElement(ElementLocation.java:59)
at org.openqa.selenium.remote.RemoteWebDriver.findElement(RemoteWebDriver.java:360)
at org.openqa.selenium.remote.RemoteWebDriver.findElement(RemoteWebDriver.java:354)
at org.openqa.selenium.support.pagefactory.DefaultElementLocator.findElement(DefaultElementLocator.java:68)
at org.openqa.selenium.support.pagefactory.internal.LocatingElementHandler.invoke(LocatingElementHandler.java:38)
at jdk.proxy2/jdk.proxy2.$Proxy13.isDisplayed(Unknown Source)
at com.tutorialsninja.qa.pages.AccountPage.getDisplayStatusOfAccountInformationOption(AccountPage.java:24)
at com.tutorialsninja.qa.test.Login.loginWithValidCredentials(Login.java:44)
at java.base/java.util.ArrayList.forEach(ArrayList.java:1511)
... Removed 32 stack frames]]>
    </failure>
  </testcase> <!-- loginWithValidCredentials -->
  <testcase classname="com.tutorialsninja.qa.test.Login" name="loginWithValidCredentials" time="0.68"/>
  <testcase classname="com.tutorialsninja.qa.test.Login" name="loginWithValidCredentials" time="0.627"/>
  <testcase classname="com.tutorialsninja.qa.test.Login" name="loginwithInvalidcredentials" time="0.597"/>
  <testcase classname="com.tutorialsninja.qa.test.Login" name="loginWithInvalidEmailValidPass" time="0.581"/>
  <testcase classname="com.tutorialsninja.qa.test.Login" name="loginWithValidEmailInvalidPass" time="0.566"/>
  <testcase classname="com.tutorialsninja.qa.test.Login" name="loginWithoutProvidingCredentials" time="0.434"/>
  <testcase classname="com.tutorialsninja.qa.test.Search" name="verifySearchWithValidProducts" time="0.366"/>
  <testcase classname="com.tutorialsninja.qa.test.Search" name="verifySearchWithInvalidProduct" time="0.332">
    <failure type="java.lang.AssertionError" message="No product in search results is not displayed expected [There is no product that matches the search criteria] but found [There is no product that matches the search criteria.]">
      <![CDATA[java.lang.AssertionError: No product in search results is not displayed expected [There is no product that matches the search criteria] but found [There is no product that matches the search criteria.]
at com.tutorialsninja.qa.test.Search.verifySearchWithInvalidProduct(Search.java:42)
at java.base/java.util.ArrayList.forEach(ArrayList.java:1511)
... Removed 32 stack frames]]>
    </failure>
  </testcase> <!-- verifySearchWithInvalidProduct -->
  <testcase classname="com.tutorialsninja.qa.test.Search" name="verifySearchWithoutProvidingProductDetail" time="0.241">
    <failure type="java.lang.AssertionError" message="No product message in search results is not displayed expected [There is no product that matches the search criteria] but found [There is no product that matches the search criteria.]">
      <![CDATA[java.lang.AssertionError: No product message in search results is not displayed expected [There is no product that matches the search criteria] but found [There is no product that matches the search criteria.]
at com.tutorialsninja.qa.test.Search.verifySearchWithoutProvidingProductDetail(Search.java:48)
at java.base/java.util.ArrayList.forEach(ArrayList.java:1511)
... Removed 32 stack frames]]>
    </failure>
  </testcase> <!-- verifySearchWithoutProvidingProductDetail -->
</testsuite> <!-- TutorialsNinja Test Cases -->
